<?xml version="1.0" encoding="UTF-8" standalone="yes"?>
<testsuites name="DataDrivenDemo" time="3" tests="3" failures="0" errors="0">
    <testsuite name="DataDrivenDemo" tests="3" failures="0" errors="0" time="3" timestamp="2019-06-27 10:47:27" hostname="Matthias.Meier - DOPCMKG100.kps.kps-consulting.com" id="Test Suites/DataDrivenDemo">
        <properties>
            <property name="deviceName" value=""/>
            <property name="devicePlatform" value=""/>
            <property name="logFolder" value="C:\\Users\\matthias.meier\\Katalon Studio\\API_Testing_Udemy_KatalonStudio\\Reports\\DataDrivenDemo\\20190627_104726"/>
            <property name="logFiles" value="C:\\Users\\matthias.meier\\Katalon Studio\\API_Testing_Udemy_KatalonStudio\\Reports\\DataDrivenDemo\\20190627_104726\\execution0.log"/>
            <property name="attachments" value=""/>
            <property name="hostName" value="Matthias.Meier - DOPCMKG100.kps.kps-consulting.com"/>
            <property name="hostAddress" value="10.10.40.135"/>
            <property name="os" value="Windows 10 64bit"/>
            <property name="katalonVersion" value="6.1.5.3"/>
        </properties>
        <testcase name="Test Cases/DataDrivenDemoTest" classname="Test Cases/DataDrivenDemoTest" status="PASSED">
            <system-out>2019-06-27 10:47:28 - [TEST_CASE][PASSED] - Test Cases/DataDrivenDemoTest: Test Cases/DataDrivenDemoTest&#xD;
&#xD;
2019-06-27 10:47:28 - [TEST_STEP][PASSED] - println(".......using username " + name): null&#xD;
&#xD;
2019-06-27 10:47:28 - [TEST_STEP][PASSED] - println(".......using job " + job): null&#xD;
&#xD;
2019-06-27 10:47:28 - [TEST_STEP][PASSED] - response = sendRequest(findTestObject("RESTWebServices/CreateUser", ["endpoint":Endpoint, "name":name, "job":job])): Send request successfully&#xD;
&#xD;
2019-06-27 10:47:30 - [MESSAGE][INFO] - HAR: C:\Users\matthias.meier\Katalon Studio\API_Testing_Udemy_KatalonStudio\Reports\DataDrivenDemo\20190627_104726\requests\main\0.har&#xD;
&#xD;
2019-06-27 10:47:30 - [MESSAGE][PASSED] - Send request successfully&#xD;
&#xD;
2019-06-27 10:47:30 - [TEST_STEP][PASSED] - responseText = response.getResponseText(): null&#xD;
&#xD;
2019-06-27 10:47:30 - [TEST_STEP][PASSED] - println(responseText): null</system-out>
            <system-err></system-err>
        </testcase>
        <testcase name="Test Cases/DataDrivenDemoTest" classname="Test Cases/DataDrivenDemoTest" status="PASSED">
            <system-out>2019-06-27 10:47:30 - [TEST_CASE][PASSED] - Test Cases/DataDrivenDemoTest: Test Cases/DataDrivenDemoTest&#xD;
&#xD;
2019-06-27 10:47:30 - [TEST_STEP][PASSED] - println(".......using username " + name): null&#xD;
&#xD;
2019-06-27 10:47:30 - [TEST_STEP][PASSED] - println(".......using job " + job): null&#xD;
&#xD;
2019-06-27 10:47:30 - [TEST_STEP][PASSED] - response = sendRequest(findTestObject("RESTWebServices/CreateUser", ["endpoint":Endpoint, "name":name, "job":job])): Send request successfully&#xD;
&#xD;
2019-06-27 10:47:30 - [MESSAGE][INFO] - HAR: C:\Users\matthias.meier\Katalon Studio\API_Testing_Udemy_KatalonStudio\Reports\DataDrivenDemo\20190627_104726\requests\main\1.har&#xD;
&#xD;
2019-06-27 10:47:30 - [MESSAGE][PASSED] - Send request successfully&#xD;
&#xD;
2019-06-27 10:47:30 - [TEST_STEP][PASSED] - responseText = response.getResponseText(): null&#xD;
&#xD;
2019-06-27 10:47:30 - [TEST_STEP][PASSED] - println(responseText): null</system-out>
            <system-err></system-err>
        </testcase>
        <testcase name="Test Cases/DataDrivenDemoTest" classname="Test Cases/DataDrivenDemoTest" status="PASSED">
            <system-out>2019-06-27 10:47:30 - [TEST_CASE][PASSED] - Test Cases/DataDrivenDemoTest: Test Cases/DataDrivenDemoTest&#xD;
&#xD;
2019-06-27 10:47:30 - [TEST_STEP][PASSED] - println(".......using username " + name): null&#xD;
&#xD;
2019-06-27 10:47:30 - [TEST_STEP][PASSED] - println(".......using job " + job): null&#xD;
&#xD;
2019-06-27 10:47:30 - [TEST_STEP][PASSED] - response = sendRequest(findTestObject("RESTWebServices/CreateUser", ["endpoint":Endpoint, "name":name, "job":job])): Send request successfully&#xD;
&#xD;
2019-06-27 10:47:31 - [MESSAGE][INFO] - HAR: C:\Users\matthias.meier\Katalon Studio\API_Testing_Udemy_KatalonStudio\Reports\DataDrivenDemo\20190627_104726\requests\main\2.har&#xD;
&#xD;
2019-06-27 10:47:31 - [MESSAGE][PASSED] - Send request successfully&#xD;
&#xD;
2019-06-27 10:47:31 - [TEST_STEP][PASSED] - responseText = response.getResponseText(): null&#xD;
&#xD;
2019-06-27 10:47:31 - [TEST_STEP][PASSED] - println(responseText): null</system-out>
            <system-err></system-err>
        </testcase>
        <system-out>2019-06-27 10:47:27 - [TEST_SUITE][INCOMPLETE] - DataDrivenDemo: null</system-out>
        <system-err>2019-06-27 10:47:27 - [TEST_SUITE][INCOMPLETE] - DataDrivenDemo: null</system-err>
    </testsuite>
</testsuites>
