<?xml version="1.0" encoding="UTF-8" standalone="yes"?>
<testsuites name="KatalonAnalytics-API" time="3" tests="1" failures="0" errors="0">
    <testsuite name="KatalonAnalytics-API" tests="1" failures="0" errors="0" time="3" timestamp="2019-06-26 11:24:39" hostname="Matthias.Meier - DOPCMKG100.kps.kps-consulting.com" id="Test Suites/KatalonAnalytics-API">
        <properties>
            <property name="deviceName" value=""/>
            <property name="devicePlatform" value=""/>
            <property name="logFolder" value="C:\\Users\\matthias.meier\\Katalon Studio\\API_Testing_Udemy_KatalonStudio\\Reports\\KatalonAnalytics-API\\20190626_112437"/>
            <property name="logFiles" value="C:\\Users\\matthias.meier\\Katalon Studio\\API_Testing_Udemy_KatalonStudio\\Reports\\KatalonAnalytics-API\\20190626_112437\\execution0.log"/>
            <property name="attachments" value=""/>
            <property name="hostName" value="Matthias.Meier - DOPCMKG100.kps.kps-consulting.com"/>
            <property name="hostAddress" value="10.10.40.135"/>
            <property name="os" value="Windows 10 64bit"/>
            <property name="katalonVersion" value="6.1.5.3"/>
        </properties>
        <testcase name="Test Cases/ListUsersTest" classname="Test Cases/ListUsersTest" status="PASSED">
            <system-out>2019-06-26 11:24:39 - [TEST_CASE][PASSED] - Test Cases/ListUsersTest: Test Cases/ListUsersTest&#xD;
&#xD;
2019-06-26 11:24:39 - [TEST_STEP][PASSED] - sendRequest(findTestObject("UserRestService/ListUsers")): Send request successfully&#xD;
&#xD;
2019-06-26 11:24:41 - [MESSAGE][INFO] - HAR: C:\Users\matthias.meier\Katalon Studio\API_Testing_Udemy_KatalonStudio\Reports\KatalonAnalytics-API\20190626_112437\requests\main\0.har&#xD;
&#xD;
2019-06-26 11:24:41 - [MESSAGE][PASSED] - Send request successfully&#xD;
&#xD;
2019-06-26 11:24:41 - [TEST_STEP][PASSED] - response = sendRequestAndVerify(findTestObject("UserRestService/ListUsers")): Send request and verify the response successfully&#xD;
&#xD;
2019-06-26 11:24:41 - [TEST_CASE][PASSED] - Start Test Case : Verification: Verification accomplished successfully&#xD;
&#xD;
2019-06-26 11:24:42 - [TEST_STEP][PASSED] - request = getInstance().getCurrentRequest(): null&#xD;
&#xD;
2019-06-26 11:24:42 - [TEST_STEP][PASSED] - response = getInstance().getCurrentResponse(): null&#xD;
&#xD;
2019-06-26 11:24:42 - [TEST_STEP][PASSED] - verifyResponseStatusCode(response, 200): Verify response status code successfully&#xD;
&#xD;
2019-06-26 11:24:42 - [MESSAGE][PASSED] - Verify response status code successfully&#xD;
&#xD;
2019-06-26 11:24:42 - [TEST_STEP][PASSED] - getStatusCode()).isEqualTo(200): null&#xD;
&#xD;
2019-06-26 11:24:42 - [TEST_STEP][PASSED] - verifyElementPropertyValue(response, "data[1].first_name", "Charles"): Verify element property value successfully&#xD;
&#xD;
2019-06-26 11:24:42 - [MESSAGE][PASSED] - Verify element property value successfully&#xD;
&#xD;
2019-06-26 11:24:42 - [MESSAGE][PASSED] - Verify response successfully&#xD;
&#xD;
2019-06-26 11:24:42 - [MESSAGE][PASSED] - Send request and verify the response successfully&#xD;
&#xD;
2019-06-26 11:24:42 - [TEST_STEP][PASSED] - verifyElementPropertyValue(response, "data[1].first_name", "Charles"): Verify element property value successfully&#xD;
&#xD;
2019-06-26 11:24:42 - [MESSAGE][PASSED] - Verify element property value successfully&#xD;
&#xD;
2019-06-26 11:24:42 - [TEST_STEP][PASSED] - verifyElementPropertyValue(response, "data[2].id", "6"): Verify element property value successfully&#xD;
&#xD;
2019-06-26 11:24:42 - [MESSAGE][PASSED] - Verify element property value successfully&#xD;
&#xD;
2019-06-26 11:24:42 - [TEST_STEP][PASSED] - verifyElementsCount(response, "data", 3): Verify element count successfully&#xD;
&#xD;
2019-06-26 11:24:42 - [MESSAGE][PASSED] - Verify element count successfully&#xD;
&#xD;
2019-06-26 11:24:42 - [TEST_STEP][PASSED] - verifyResponseStatusCodeInRange(response, 100, 200): Verify response status code successfully&#xD;
&#xD;
2019-06-26 11:24:42 - [MESSAGE][PASSED] - Verify response status code successfully</system-out>
            <system-err></system-err>
        </testcase>
        <system-out>2019-06-26 11:24:39 - [TEST_SUITE][INCOMPLETE] - KatalonAnalytics-API: null</system-out>
        <system-err>2019-06-26 11:24:39 - [TEST_SUITE][INCOMPLETE] - KatalonAnalytics-API: null</system-err>
    </testsuite>
</testsuites>
