<?xml version="1.0" encoding="UTF-8" standalone="yes"?>
<testsuites name="TestSuite1" time="3" tests="2" failures="0" errors="0">
    <testsuite name="TestSuite1" tests="2" failures="0" errors="0" time="3" timestamp="2019-06-27 09:08:13" hostname="Matthias.Meier - DOPCMKG100.kps.kps-consulting.com" id="Test Suites/TestSuite1">
        <properties>
            <property name="deviceName" value=""/>
            <property name="devicePlatform" value=""/>
            <property name="logFolder" value="C:\\Users\\matthias.meier\\Katalon Studio\\API_Testing_Udemy_KatalonStudio\\Reports\\TestSuite1\\20190627_090810"/>
            <property name="logFiles" value="C:\\Users\\matthias.meier\\Katalon Studio\\API_Testing_Udemy_KatalonStudio\\Reports\\TestSuite1\\20190627_090810\\execution0.log"/>
            <property name="attachments" value=""/>
            <property name="hostName" value="Matthias.Meier - DOPCMKG100.kps.kps-consulting.com"/>
            <property name="hostAddress" value="10.10.40.135"/>
            <property name="os" value="Windows 10 64bit"/>
            <property name="katalonVersion" value="6.1.5.3"/>
        </properties>
        <testcase name="Test Cases/APIChainingDemo" classname="Test Cases/APIChainingDemo" status="PASSED">
            <system-out>2019-06-27 09:08:13 - [TEST_CASE][PASSED] - Test Cases/APIChainingDemo: Test Cases/APIChainingDemo&#xD;
&#xD;
2019-06-27 09:08:13 - [TEST_STEP][PASSED] - response1 = sendRequest(findTestObject("RESTWebServices/ListUsers")): Send request successfully&#xD;
&#xD;
2019-06-27 09:08:15 - [MESSAGE][INFO] - HAR: C:\Users\matthias.meier\Katalon Studio\API_Testing_Udemy_KatalonStudio\Reports\TestSuite1\20190627_090810\requests\main\0.har&#xD;
&#xD;
2019-06-27 09:08:15 - [MESSAGE][PASSED] - Send request successfully&#xD;
&#xD;
2019-06-27 09:08:15 - [TEST_STEP][PASSED] - slurper = new groovy.json.JsonSlurper(): null&#xD;
&#xD;
2019-06-27 09:08:15 - [TEST_STEP][PASSED] - result = slurper.parseText(response1.getResponseBodyContent()): null&#xD;
&#xD;
2019-06-27 09:08:15 - [TEST_STEP][PASSED] - value = first_name: null&#xD;
&#xD;
2019-06-27 09:08:15 - [TEST_STEP][PASSED] - println(".. value extracted is : " + value): null&#xD;
&#xD;
2019-06-27 09:08:15 - [TEST_STEP][PASSED] - sendRequest(findTestObject("RESTWebServices/UpdateUser", ["userName":value])): Send request successfully&#xD;
&#xD;
2019-06-27 09:08:15 - [MESSAGE][INFO] - HAR: C:\Users\matthias.meier\Katalon Studio\API_Testing_Udemy_KatalonStudio\Reports\TestSuite1\20190627_090810\requests\main\1.har&#xD;
&#xD;
2019-06-27 09:08:15 - [MESSAGE][PASSED] - Send request successfully</system-out>
            <system-err></system-err>
        </testcase>
        <testcase name="Test Cases/SampleTestOne" classname="Test Cases/SampleTestOne" status="PASSED">
            <system-out>2019-06-27 09:08:15 - [TEST_CASE][PASSED] - Test Cases/SampleTestOne: Test Cases/SampleTestOne&#xD;
&#xD;
2019-06-27 09:08:15 - [TEST_STEP][PASSED] - sendRequest(findTestObject("RESTWebServices/CreateUser")): Send request successfully&#xD;
&#xD;
2019-06-27 09:08:16 - [MESSAGE][INFO] - HAR: C:\Users\matthias.meier\Katalon Studio\API_Testing_Udemy_KatalonStudio\Reports\TestSuite1\20190627_090810\requests\main\2.har&#xD;
&#xD;
2019-06-27 09:08:16 - [MESSAGE][PASSED] - Send request successfully&#xD;
&#xD;
2019-06-27 09:08:16 - [TEST_STEP][PASSED] - sendRequest(findTestObject("RESTWebServices/DeleteUser")): Send request successfully&#xD;
&#xD;
2019-06-27 09:08:16 - [MESSAGE][INFO] - HAR: C:\Users\matthias.meier\Katalon Studio\API_Testing_Udemy_KatalonStudio\Reports\TestSuite1\20190627_090810\requests\main\3.har&#xD;
&#xD;
2019-06-27 09:08:16 - [MESSAGE][PASSED] - Send request successfully</system-out>
            <system-err></system-err>
        </testcase>
        <system-out>2019-06-27 09:08:13 - [TEST_SUITE][INCOMPLETE] - TestSuite1: null</system-out>
        <system-err>2019-06-27 09:08:13 - [TEST_SUITE][INCOMPLETE] - TestSuite1: null</system-err>
    </testsuite>
</testsuites>
